Build started 7/18/2015 7:47:01 PM.
     1>Project "C:\Users\Paul\Documents\GitHub\COMP371-Project\Eperimental1\Framework\VS2012\Assignment1.vcxproj" on node 2 (Build target(s)).
     1>ClCompile:
         C:\Program Files (x86)\Microsoft Visual Studio 11.0\VC\bin\CL.exe /c /I../ThirdParty/soil/include /I"../ThirdParty/glew-1.10.0/include" /I"../ThirdParty/glfw-3.0.4/include" /I../ThirdParty/glm /ZI /nologo /W3 /WX- /Od /Oy- /D WIN32 /D _DEBUG /D _CONSOLE /D _UNICODE /D UNICODE /Gm /EHsc /RTC1 /MDd /GS /fp:precise /Zc:wchar_t /Zc:forScope /Fo"C:\Users\Paul\Documents\GitHub\COMP371-Project\Eperimental1\Framework\VS2012\/../Build/Debug/" /Fd"C:\Users\Paul\Documents\GitHub\COMP371-Project\Eperimental1\Framework\VS2012\/../Build/Debug/vc110.pdb" /Gd /TP /analyze- /errorReport:prompt ..\Source\Animation.cpp ..\Source\Camera.cpp ..\Source\ChairModel.cpp ..\Source\FirstPersonCamera.cpp ..\Source\objloader.cpp ..\Source\RailCamera.cpp ..\Source\SphereModel.cpp ..\Source\StaticCamera.cpp ..\Source\EventManager.cpp ..\Source\main.cpp ..\Source\Model.cpp ..\Source\CubeModel.cpp ..\Source\Renderer.cpp ..\Source\texture.cpp ..\Source\World.cpp
         World.cpp
         texture.cpp
     1>c:\users\paul\documents\github\comp371-project\eperimental1\framework\source\texture.cpp(23): warning C4996: 'fopen': This function or variable may be unsafe. Consider using fopen_s instead. To disable deprecation, use _CRT_SECURE_NO_WARNINGS. See online help for details.
                 c:\program files (x86)\microsoft visual studio 11.0\vc\include\stdio.h(218) : see declaration of 'fopen'
     1>c:\users\paul\documents\github\comp371-project\eperimental1\framework\source\texture.cpp(127): warning C4996: 'fopen': This function or variable may be unsafe. Consider using fopen_s instead. To disable deprecation, use _CRT_SECURE_NO_WARNINGS. See online help for details.
                 c:\program files (x86)\microsoft visual studio 11.0\vc\include\stdio.h(218) : see declaration of 'fopen'
         Renderer.cpp
     1>c:\users\paul\documents\github\comp371-project\eperimental1\framework\source\renderer.cpp(123): warning C4018: '<' : signed/unsigned mismatch
         CubeModel.cpp
         Model.cpp
         GLM: rotate function taking degrees as a parameter is deprecated. #define GLM_FORCE_RADIANS before including GLM headers to remove this message.
         main.cpp
         EventManager.cpp
         StaticCamera.cpp
         SphereModel.cpp
         RailCamera.cpp
         objloader.cpp
     1>c:\users\paul\documents\github\comp371-project\eperimental1\framework\source\objloader.cpp(34): warning C4996: 'fopen': This function or variable may be unsafe. Consider using fopen_s instead. To disable deprecation, use _CRT_SECURE_NO_WARNINGS. See online help for details.
                 c:\program files (x86)\microsoft visual studio 11.0\vc\include\stdio.h(218) : see declaration of 'fopen'
     1>c:\users\paul\documents\github\comp371-project\eperimental1\framework\source\objloader.cpp(45): warning C4996: 'fscanf': This function or variable may be unsafe. Consider using fscanf_s instead. To disable deprecation, use _CRT_SECURE_NO_WARNINGS. See online help for details.
                 c:\program files (x86)\microsoft visual studio 11.0\vc\include\stdio.h(237) : see declaration of 'fscanf'
     1>c:\users\paul\documents\github\comp371-project\eperimental1\framework\source\objloader.cpp(53): warning C4996: 'fscanf': This function or variable may be unsafe. Consider using fscanf_s instead. To disable deprecation, use _CRT_SECURE_NO_WARNINGS. See online help for details.
                 c:\program files (x86)\microsoft visual studio 11.0\vc\include\stdio.h(237) : see declaration of 'fscanf'
     1>c:\users\paul\documents\github\comp371-project\eperimental1\framework\source\objloader.cpp(57): warning C4996: 'fscanf': This function or variable may be unsafe. Consider using fscanf_s instead. To disable deprecation, use _CRT_SECURE_NO_WARNINGS. See online help for details.
                 c:\program files (x86)\microsoft visual studio 11.0\vc\include\stdio.h(237) : see declaration of 'fscanf'
     1>c:\users\paul\documents\github\comp371-project\eperimental1\framework\source\objloader.cpp(62): warning C4996: 'fscanf': This function or variable may be unsafe. Consider using fscanf_s instead. To disable deprecation, use _CRT_SECURE_NO_WARNINGS. See online help for details.
                 c:\program files (x86)\microsoft visual studio 11.0\vc\include\stdio.h(237) : see declaration of 'fscanf'
     1>c:\users\paul\documents\github\comp371-project\eperimental1\framework\source\objloader.cpp(67): warning C4996: 'fscanf': This function or variable may be unsafe. Consider using fscanf_s instead. To disable deprecation, use _CRT_SECURE_NO_WARNINGS. See online help for details.
                 c:\program files (x86)\microsoft visual studio 11.0\vc\include\stdio.h(237) : see declaration of 'fscanf'
         FirstPersonCamera.cpp
         ChairModel.cpp
         Camera.cpp
         GLM: perspective function taking degrees as a parameter is deprecated. #define GLM_FORCE_RADIANS before including GLM headers to remove this message.
         Animation.cpp
     1>c:\users\paul\documents\github\comp371-project\eperimental1\framework\source\animation.cpp(65): warning C4018: '<' : signed/unsigned mismatch
     1>c:\users\paul\documents\github\comp371-project\eperimental1\framework\source\animation.cpp(174): warning C4244: 'argument' : conversion from 'double' to 'float', possible loss of data
         GLM: angleAxis function taking degrees as a parameter is deprecated. #define GLM_FORCE_RADIANS before including GLM headers to remove this message.
         Generating Code...
       Link:
         C:\Program Files (x86)\Microsoft Visual Studio 11.0\VC\bin\link.exe /ERRORREPORT:PROMPT /OUT:"C:\Users\Paul\Documents\GitHub\COMP371-Project\Eperimental1\Framework\VS2012\/../Bin/Assignment1-Debug.exe" /INCREMENTAL /NOLOGO /LIBPATH:../ThirdParty/soil/lib /LIBPATH:"../ThirdParty/glew-1.10.0/lib/Release/Win32" /LIBPATH:"../ThirdParty/glfw-3.0.4/lib/Win32/lib-msvc110" SOIL.lib opengl32.lib glew32s.lib glfw3.lib kernel32.lib user32.lib gdi32.lib winspool.lib comdlg32.lib advapi32.lib shell32.lib ole32.lib oleaut32.lib uuid.lib odbc32.lib odbccp32.lib kernel32.lib user32.lib gdi32.lib winspool.lib comdlg32.lib advapi32.lib shell32.lib ole32.lib oleaut32.lib uuid.lib odbc32.lib odbccp32.lib /MANIFEST /MANIFESTUAC:"level='asInvoker' uiAccess='false'" /manifest:embed /DEBUG /PDB:"C:\Users\Paul\Documents\GitHub\COMP371-Project\Eperimental1\Framework\VS2012\/../Bin/Assignment1-Debug.pdb" /SUBSYSTEM:CONSOLE /TLBID:1 /DYNAMICBASE /NXCOMPAT /IMPLIB:"C:\Users\Paul\Documents\GitHub\COMP371-Project\Eperimental1\Framework\VS2012\/../Bin/Assignment1-Debug.lib" /MACHINE:X86 "C:\Users\Paul\Documents\GitHub\COMP371-Project\Eperimental1\Framework\VS2012\/../Build/Debug/Animation.obj"
         "C:\Users\Paul\Documents\GitHub\COMP371-Project\Eperimental1\Framework\VS2012\/../Build/Debug/Camera.obj"
         "C:\Users\Paul\Documents\GitHub\COMP371-Project\Eperimental1\Framework\VS2012\/../Build/Debug/ChairModel.obj"
         "C:\Users\Paul\Documents\GitHub\COMP371-Project\Eperimental1\Framework\VS2012\/../Build/Debug/FirstPersonCamera.obj"
         "C:\Users\Paul\Documents\GitHub\COMP371-Project\Eperimental1\Framework\VS2012\/../Build/Debug/objloader.obj"
         "C:\Users\Paul\Documents\GitHub\COMP371-Project\Eperimental1\Framework\VS2012\/../Build/Debug/RailCamera.obj"
         "C:\Users\Paul\Documents\GitHub\COMP371-Project\Eperimental1\Framework\VS2012\/../Build/Debug/SphereModel.obj"
         "C:\Users\Paul\Documents\GitHub\COMP371-Project\Eperimental1\Framework\VS2012\/../Build/Debug/StaticCamera.obj"
         "C:\Users\Paul\Documents\GitHub\COMP371-Project\Eperimental1\Framework\VS2012\/../Build/Debug/EventManager.obj"
         "C:\Users\Paul\Documents\GitHub\COMP371-Project\Eperimental1\Framework\VS2012\/../Build/Debug/main.obj"
         "C:\Users\Paul\Documents\GitHub\COMP371-Project\Eperimental1\Framework\VS2012\/../Build/Debug/Model.obj"
         "C:\Users\Paul\Documents\GitHub\COMP371-Project\Eperimental1\Framework\VS2012\/../Build/Debug/CubeModel.obj"
         "C:\Users\Paul\Documents\GitHub\COMP371-Project\Eperimental1\Framework\VS2012\/../Build/Debug/Renderer.obj"
         "C:\Users\Paul\Documents\GitHub\COMP371-Project\Eperimental1\Framework\VS2012\/../Build/Debug/texture.obj"
         "C:\Users\Paul\Documents\GitHub\COMP371-Project\Eperimental1\Framework\VS2012\/../Build/Debug/World.obj"
     1>LINK : warning LNK4098: defaultlib 'LIBCMT' conflicts with use of other libs; use /NODEFAULTLIB:library
     1>LINK : warning LNK4098: defaultlib 'MSVCRT' conflicts with use of other libs; use /NODEFAULTLIB:library
     1>glew32s.lib(glew.obj) : warning LNK4099: PDB 'vc100.pdb' was not found with 'glew32s.lib(glew.obj)' or at 'C:\Users\Paul\Documents\GitHub\COMP371-Project\Eperimental1\Framework\Bin\vc100.pdb'; linking object as if no debug info
         Assignment1.vcxproj -> C:\Users\Paul\Documents\GitHub\COMP371-Project\Eperimental1\Framework\VS2012\/../Bin/Assignment1-Debug.exe
     1>Done Building Project "C:\Users\Paul\Documents\GitHub\COMP371-Project\Eperimental1\Framework\VS2012\Assignment1.vcxproj" (Build target(s)).

Build succeeded.

Time Elapsed 00:00:18.76
