Build started 8/9/2015 7:41:31 PM.
     1>Project "D:\COMP371\Experimental3\Framework\VS2012\Assignment1.vcxproj" on node 2 (Build target(s)).
     1>ClCompile:
         C:\Program Files (x86)\Microsoft Visual Studio 11.0\VC\bin\CL.exe /c /I"../ThirdParty/DevIL/DevILx86-1.7.8/include" /I../ThirdParty/assimp/include /I"../ThirdParty/FreeImage-3170/Source" /I"../ThirdParty/glew-1.10.0/include" /I"../ThirdParty/glfw-3.0.4/include" /I../ThirdParty/glm /ZI /nologo /W3 /WX- /Od /Oy- /D WIN32 /D _DEBUG /D _CONSOLE /D _UNICODE /D UNICODE /Gm /EHsc /RTC1 /MDd /GS /fp:precise /Zc:wchar_t /Zc:forScope /Fo"D:\COMP371\Experimental3\Framework\VS2012\/../Build/Debug/" /Fd"D:\COMP371\Experimental3\Framework\VS2012\/../Build/Debug/vc110.pdb" /Gd /TP /analyze- /errorReport:prompt ..\Source\Animation.cpp ..\Source\Billboard.cpp ..\Source\Camera.cpp ..\Source\ChairModel.cpp ..\Source\EarthModel.cpp ..\Source\FirstPersonCamera.cpp ..\Source\mesh.cpp ..\Source\MeteorModel.cpp ..\Source\MoonModel.cpp ..\Source\objloader.cpp ..\Source\ParticleDescriptor.cpp ..\Source\ParticleEmitter.cpp ..\Source\ParticleSystem.cpp ..\Source\PlayerProjectile.cpp ..\Source\Projectile.cpp ..\Source\RailCamera.cpp ..\Source\sceneLoader.cpp ..\Source\ShipEnnemyModel.cpp ..\Source\ShipModel.cpp ..\Source\SphereModel.cpp ..\Source\StaticCamera.cpp ..\Source\EventManager.cpp ..\Source\main.cpp ..\Source\Model.cpp ..\Source\CubeModel.cpp ..\Source\Renderer.cpp ..\Source\TextureLoader.cpp ..\Source\World.cpp
         World.cpp
         TextureLoader.cpp
         Renderer.cpp
     1>d:\comp371\experimental3\framework\source\renderer.cpp(144): warning C4018: '<' : signed/unsigned mismatch
         CubeModel.cpp
         Model.cpp
         GLM: rotate function taking degrees as a parameter is deprecated. #define GLM_FORCE_RADIANS before including GLM headers to remove this message.
         main.cpp
         EventManager.cpp
     1>d:\comp371\experimental3\framework\source\eventmanager.cpp(93): warning C4244: 'argument' : conversion from 'time_t' to 'unsigned int', possible loss of data
         StaticCamera.cpp
         SphereModel.cpp
         ShipModel.cpp
         ShipEnnemyModel.cpp
     1>d:\comp371\experimental3\framework\source\shipennemymodel.cpp(38): warning C4305: '=' : truncation from 'double' to 'float'
         sceneLoader.cpp
         RailCamera.cpp
         Projectile.cpp
         PlayerProjectile.cpp
         ParticleSystem.cpp
         GLM: rotate function taking degrees as a parameter is deprecated. #define GLM_FORCE_RADIANS before including GLM headers to remove this message.
         ParticleEmitter.cpp
         ParticleDescriptor.cpp
         objloader.cpp
     1>d:\comp371\experimental3\framework\source\objloader.cpp(34): warning C4996: 'fopen': This function or variable may be unsafe. Consider using fopen_s instead. To disable deprecation, use _CRT_SECURE_NO_WARNINGS. See online help for details.
                 c:\program files (x86)\microsoft visual studio 11.0\vc\include\stdio.h(218) : see declaration of 'fopen'
     1>d:\comp371\experimental3\framework\source\objloader.cpp(45): warning C4996: 'fscanf': This function or variable may be unsafe. Consider using fscanf_s instead. To disable deprecation, use _CRT_SECURE_NO_WARNINGS. See online help for details.
                 c:\program files (x86)\microsoft visual studio 11.0\vc\include\stdio.h(237) : see declaration of 'fscanf'
     1>d:\comp371\experimental3\framework\source\objloader.cpp(53): warning C4996: 'fscanf': This function or variable may be unsafe. Consider using fscanf_s instead. To disable deprecation, use _CRT_SECURE_NO_WARNINGS. See online help for details.
                 c:\program files (x86)\microsoft visual studio 11.0\vc\include\stdio.h(237) : see declaration of 'fscanf'
     1>d:\comp371\experimental3\framework\source\objloader.cpp(57): warning C4996: 'fscanf': This function or variable may be unsafe. Consider using fscanf_s instead. To disable deprecation, use _CRT_SECURE_NO_WARNINGS. See online help for details.
                 c:\program files (x86)\microsoft visual studio 11.0\vc\include\stdio.h(237) : see declaration of 'fscanf'
     1>d:\comp371\experimental3\framework\source\objloader.cpp(62): warning C4996: 'fscanf': This function or variable may be unsafe. Consider using fscanf_s instead. To disable deprecation, use _CRT_SECURE_NO_WARNINGS. See online help for details.
                 c:\program files (x86)\microsoft visual studio 11.0\vc\include\stdio.h(237) : see declaration of 'fscanf'
     1>d:\comp371\experimental3\framework\source\objloader.cpp(67): warning C4996: 'fscanf': This function or variable may be unsafe. Consider using fscanf_s instead. To disable deprecation, use _CRT_SECURE_NO_WARNINGS. See online help for details.
                 c:\program files (x86)\microsoft visual studio 11.0\vc\include\stdio.h(237) : see declaration of 'fscanf'
         MoonModel.cpp
         GLM: angleAxis function taking degrees as a parameter is deprecated. #define GLM_FORCE_RADIANS before including GLM headers to remove this message.
         Generating Code...
         Compiling...
         MeteorModel.cpp
         mesh.cpp
     1>d:\comp371\experimental3\framework\source\mesh.cpp(40): warning C4018: '<' : signed/unsigned mismatch
         FirstPersonCamera.cpp
         EarthModel.cpp
         ChairModel.cpp
         Camera.cpp
         GLM: perspective function taking degrees as a parameter is deprecated. #define GLM_FORCE_RADIANS before including GLM headers to remove this message.
         Billboard.cpp
     1>d:\comp371\experimental3\framework\source\billboard.cpp(34): warning C4018: '<' : signed/unsigned mismatch
         Animation.cpp
     1>d:\comp371\experimental3\framework\source\animation.cpp(65): warning C4018: '<' : signed/unsigned mismatch
     1>d:\comp371\experimental3\framework\source\animation.cpp(174): warning C4244: 'argument' : conversion from 'double' to 'float', possible loss of data
         GLM: angleAxis function taking degrees as a parameter is deprecated. #define GLM_FORCE_RADIANS before including GLM headers to remove this message.
         Generating Code...
       Link:
         C:\Program Files (x86)\Microsoft Visual Studio 11.0\VC\bin\link.exe /ERRORREPORT:PROMPT /OUT:"D:\COMP371\Experimental3\Framework\VS2012\/../Bin/Assignment1-Debug.exe" /INCREMENTAL /NOLOGO /LIBPATH:"../ThirdParty/DevIL/DevILx86-1.7.8/lib" /LIBPATH:../ThirdParty/assimp/lib/ /LIBPATH:"../ThirdParty/FreeImage-3170/lib/Win32" /LIBPATH:"../ThirdParty/glew-1.10.0/lib/Release/Win32" /LIBPATH:"../ThirdParty/glfw-3.0.4/lib/Win32/lib-msvc110" DevIL.lib ILU.lib ILUT.lib assimp.lib FreeImage.lib opengl32.lib glew32s.lib glfw3.lib kernel32.lib user32.lib gdi32.lib winspool.lib comdlg32.lib advapi32.lib shell32.lib ole32.lib oleaut32.lib uuid.lib odbc32.lib odbccp32.lib kernel32.lib user32.lib gdi32.lib winspool.lib comdlg32.lib advapi32.lib shell32.lib ole32.lib oleaut32.lib uuid.lib odbc32.lib odbccp32.lib /MANIFEST /MANIFESTUAC:"level='asInvoker' uiAccess='false'" /manifest:embed /DEBUG /PDB:"D:\COMP371\Experimental3\Framework\VS2012\/../Bin/Assignment1-Debug.pdb" /SUBSYSTEM:CONSOLE /TLBID:1 /DYNAMICBASE /NXCOMPAT /IMPLIB:"D:\COMP371\Experimental3\Framework\VS2012\/../Bin/Assignment1-Debug.lib" /MACHINE:X86 D:\COMP371\Experimental3\Framework\VS2012\/../Build/Debug/Animation.obj
         D:\COMP371\Experimental3\Framework\VS2012\/../Build/Debug/Billboard.obj
         D:\COMP371\Experimental3\Framework\VS2012\/../Build/Debug/Camera.obj
         D:\COMP371\Experimental3\Framework\VS2012\/../Build/Debug/ChairModel.obj
         D:\COMP371\Experimental3\Framework\VS2012\/../Build/Debug/EarthModel.obj
         D:\COMP371\Experimental3\Framework\VS2012\/../Build/Debug/FirstPersonCamera.obj
         D:\COMP371\Experimental3\Framework\VS2012\/../Build/Debug/mesh.obj
         D:\COMP371\Experimental3\Framework\VS2012\/../Build/Debug/MeteorModel.obj
         D:\COMP371\Experimental3\Framework\VS2012\/../Build/Debug/MoonModel.obj
         D:\COMP371\Experimental3\Framework\VS2012\/../Build/Debug/objloader.obj
         D:\COMP371\Experimental3\Framework\VS2012\/../Build/Debug/ParticleDescriptor.obj
         D:\COMP371\Experimental3\Framework\VS2012\/../Build/Debug/ParticleEmitter.obj
         D:\COMP371\Experimental3\Framework\VS2012\/../Build/Debug/ParticleSystem.obj
         D:\COMP371\Experimental3\Framework\VS2012\/../Build/Debug/PlayerProjectile.obj
         D:\COMP371\Experimental3\Framework\VS2012\/../Build/Debug/Projectile.obj
         D:\COMP371\Experimental3\Framework\VS2012\/../Build/Debug/RailCamera.obj
         D:\COMP371\Experimental3\Framework\VS2012\/../Build/Debug/sceneLoader.obj
         D:\COMP371\Experimental3\Framework\VS2012\/../Build/Debug/ShipEnnemyModel.obj
         D:\COMP371\Experimental3\Framework\VS2012\/../Build/Debug/ShipModel.obj
         D:\COMP371\Experimental3\Framework\VS2012\/../Build/Debug/SphereModel.obj
         D:\COMP371\Experimental3\Framework\VS2012\/../Build/Debug/StaticCamera.obj
         D:\COMP371\Experimental3\Framework\VS2012\/../Build/Debug/EventManager.obj
         D:\COMP371\Experimental3\Framework\VS2012\/../Build/Debug/main.obj
         D:\COMP371\Experimental3\Framework\VS2012\/../Build/Debug/Model.obj
         D:\COMP371\Experimental3\Framework\VS2012\/../Build/Debug/CubeModel.obj
         D:\COMP371\Experimental3\Framework\VS2012\/../Build/Debug/Renderer.obj
         D:\COMP371\Experimental3\Framework\VS2012\/../Build/Debug/TextureLoader.obj
         D:\COMP371\Experimental3\Framework\VS2012\/../Build/Debug/World.obj
     1>LINK : warning LNK4098: defaultlib 'LIBCMT' conflicts with use of other libs; use /NODEFAULTLIB:library
     1>LINK : warning LNK4098: defaultlib 'MSVCRT' conflicts with use of other libs; use /NODEFAULTLIB:library
     1>glew32s.lib(glew.obj) : warning LNK4099: PDB 'vc100.pdb' was not found with 'glew32s.lib(glew.obj)' or at 'D:\COMP371\Experimental3\Framework\Bin\vc100.pdb'; linking object as if no debug info
         Assignment1.vcxproj -> D:\COMP371\Experimental3\Framework\VS2012\/../Bin/Assignment1-Debug.exe
     1>Done Building Project "D:\COMP371\Experimental3\Framework\VS2012\Assignment1.vcxproj" (Build target(s)).

Build succeeded.

Time Elapsed 00:01:41.18
